<?xml version="1.0" encoding="UTF-8"?>
<!-- Generated by org.testng.reporters.JUnitReportReporter -->
<testsuite hostname="LAPTOP-T4TIAI14" failures="0" tests="1" name="Test1.Pjt1Test" time="0.010" errors="0" timestamp="2024-03-26T13:05:57 IST" skipped="0">
  <testcase classname="Test1.Pjt1Test" name="m1" time="0.010"/>
  <system-out/>
</testsuite> <!-- Test1.Pjt1Test -->
